<component name="libraryTable">
  <library name="junit-4.11">
    <CLASSES>
      <root url="jar://$PROJECT_DIR$/junit-4.11.jar!/" />
      <root url="jar://$PROJECT_DIR$/jsoup-1.8.1.jar!/" />
      <root url="jar://$PROJECT_DIR$/info.kgeorgiy.java.advanced.walk.jar!/" />
      <root url="jar://$PROJECT_DIR$/info.kgeorgiy.java.advanced.student.jar!/" />
      <root url="jar://$PROJECT_DIR$/info.kgeorgiy.java.advanced.base.jar!/" />
      <root url="jar://$PROJECT_DIR$/info.kgeorgiy.java.advanced.arrayset.jar!/" />
      <root url="jar://$PROJECT_DIR$/hamcrest-core-1.3.jar!/" />
    </CLASSES>
    <JAVADOC />
    <SOURCES />
  </library>
</component>